2022.02.10 18:18:21 INFO  tracing is disabled for protocol LSP, to enable tracing of incoming and outgoing JSON messages create an empty file at /Users/Johann/Documents/GitHub/spark-tutorial/.metals/lsp.trace.json or /Users/Johann/Library/Caches/org.scalameta.metals/lsp.trace.json
2022.02.10 18:18:22 INFO  logging to file /Users/Johann/Documents/GitHub/spark-tutorial/.metals/metals.log
2022.02.10 18:18:22 INFO  Started: Metals version 0.11.1 in workspace '/Users/Johann/Documents/GitHub/spark-tutorial' for client Visual Studio Code 1.64.0.
2022.02.10 18:18:22 INFO  Parse release: 11.0.1
2022.02.10 18:18:25 INFO  time: initialize in 3.5s
2022.02.10 18:18:26 WARN  Build server is not auto-connectable.
2022.02.10 18:18:27 WARN  no build target for: /Users/Johann/Documents/GitHub/spark-tutorial/src/main/scala/de/hpi/getting_started/ScalaIntroduction.scala
2022.02.10 18:18:36 INFO  no build target found for /Users/Johann/Documents/GitHub/spark-tutorial/src/main/scala/de/hpi/getting_started/ScalaIntroduction.scala. Using presentation compiler with project's scala-library version: 3.1.0
2022.02.10 18:18:54 INFO  running '/Library/Java/JavaVirtualMachines/jdk-11.0.1.jdk/Contents/Home/bin/java -Djline.terminal=jline.UnsupportedTerminal -Dsbt.log.noformat=true -Dfile.encoding=UTF-8 -jar /var/folders/b8/1fvxl6lx177dgms2svrcc93m0000gp/T/metals5927924205624153876/sbt-launch.jar -Dbloop.export-jar-classifiers=sources bloopInstall'
2022.02.10 18:18:54 WARN  no build target for: /Users/Johann/Documents/GitHub/spark-tutorial/project/metals.sbt
2022.02.10 18:18:54 WARN  no build target for: /Users/Johann/Documents/GitHub/spark-tutorial/project/project/metals.sbt
2022.02.10 18:18:54 INFO  skipping build import with status 'Started'
2022.02.10 18:18:54 WARN  no build target for: /Users/Johann/Documents/GitHub/spark-tutorial/project/metals.sbt
2022.02.10 18:18:54 WARN  no build target for: /Users/Johann/Documents/GitHub/spark-tutorial/project/project/metals.sbt
2022.02.10 18:18:54 INFO  skipping build import with status 'Started'
2022.02.10 18:18:58 INFO  [info] welcome to sbt 1.3.12 (Oracle Corporation Java 11.0.1)
2022.02.10 18:19:01 INFO  [info] loading settings for project spark-tutorial-build-build-build from metals.sbt ...
2022.02.10 18:19:03 INFO  [info] loading project definition from /Users/Johann/Documents/GitHub/spark-tutorial/project/project/project
2022.02.10 18:19:07 INFO  [warn] There may be incompatibilities among your library dependencies; run 'evicted' to see detailed eviction warnings.
2022.02.10 18:19:09 INFO  [info] loading settings for project spark-tutorial-build-build from metals.sbt ...
2022.02.10 18:19:09 INFO  [info] loading project definition from /Users/Johann/Documents/GitHub/spark-tutorial/project/project
2022.02.10 18:19:10 INFO  [warn] There may be incompatibilities among your library dependencies; run 'evicted' to see detailed eviction warnings.
2022.02.10 18:19:12 INFO  [warn] There may be incompatibilities among your library dependencies; run 'evicted' to see detailed eviction warnings.
2022.02.10 18:19:13 INFO  [success] Generated .bloop/spark-tutorial-build-build.json
2022.02.10 18:19:13 INFO  [success] Total time: 3 s, completed 10.02.2022, 18:19:13
2022.02.10 18:19:14 INFO  [info] loading settings for project spark-tutorial-build from plugins.sbt,metals.sbt ...
2022.02.10 18:19:14 INFO  [info] loading project definition from /Users/Johann/Documents/GitHub/spark-tutorial/project
2022.02.10 18:19:16 INFO  [warn] There may be incompatibilities among your library dependencies; run 'evicted' to see detailed eviction warnings.
2022.02.10 18:19:18 INFO  [warn] There may be incompatibilities among your library dependencies; run 'evicted' to see detailed eviction warnings.
2022.02.10 18:19:18 INFO  [success] Generated .bloop/spark-tutorial-build.json
2022.02.10 18:19:18 INFO  [success] Total time: 4 s, completed 10.02.2022, 18:19:19
2022.02.10 18:19:22 INFO  [info] loading settings for project spark-tutorial from build.sbt ...
2022.02.10 18:19:22 INFO  [info] set current project to SparkTutorialSBT (in build file:/Users/Johann/Documents/GitHub/spark-tutorial/)
2022.02.10 18:19:29 INFO  [warn] There may be incompatibilities among your library dependencies; run 'evicted' to see detailed eviction warnings.
2022.02.10 18:19:29 INFO  [success] Generated .bloop/spark-tutorial.json
2022.02.10 18:19:29 INFO  [success] Generated .bloop/spark-tutorial-test.json
2022.02.10 18:19:29 INFO  [success] Total time: 7 s, completed 10.02.2022, 18:19:30
2022.02.10 18:19:30 INFO  time: ran 'sbt bloopInstall' in 36s
2022.02.10 18:19:30 INFO  Attempting to connect to the build server...
2022.02.10 18:19:39 INFO  tracing is disabled for protocol BSP, to enable tracing of incoming and outgoing JSON messages create an empty file at /Users/Johann/Documents/GitHub/spark-tutorial/.metals/bsp.trace.json or /Users/Johann/Library/Caches/org.scalameta.metals/bsp.trace.json
2022.02.10 18:19:41 WARN  no build target for: /Users/Johann/Documents/GitHub/spark-tutorial/src/main/scala/de/hpi/getting_started/ScalaIntroduction.scala
2022.02.10 18:19:43 INFO  Attempting to connect to the build server...
2022.02.10 18:19:43 INFO  Attempting to connect to the build server...
2022.02.10 18:19:43 INFO  tracing is disabled for protocol BSP, to enable tracing of incoming and outgoing JSON messages create an empty file at /Users/Johann/Documents/GitHub/spark-tutorial/project/project/.metals/bsp.trace.json or /Users/Johann/Library/Caches/org.scalameta.metals/bsp.trace.json
2022.02.10 18:19:43 INFO  tracing is disabled for protocol BSP, to enable tracing of incoming and outgoing JSON messages create an empty file at /Users/Johann/Documents/GitHub/spark-tutorial/project/.metals/bsp.trace.json or /Users/Johann/Library/Caches/org.scalameta.metals/bsp.trace.json
2022.02.10 18:19:43 INFO  time: Connected to build server in 12s
2022.02.10 18:19:43 INFO  Connected to Build server: Bloop v1.4.12
2022.02.10 18:19:43 INFO  time: Imported build in 0.32s
2022.02.10 18:19:44 WARN  no build target for: /Users/Johann/Documents/GitHub/spark-tutorial/src/main/scala/de/hpi/getting_started/ScalaIntroduction.scala
2022.02.10 18:19:45 WARN  no build target for: /Users/Johann/Documents/GitHub/spark-tutorial/src/main/scala/de/hpi/getting_started/ScalaIntroduction.scala
2022.02.10 18:19:49 INFO  no build target found for /Users/Johann/Documents/GitHub/spark-tutorial/src/main/scala/de/hpi/getting_started/ScalaIntroduction.scala. Using presentation compiler with project's scala-library version: 3.1.0
2022.02.10 18:19:49 INFO  time: code lens generation in 5.4s
2022.02.10 18:19:49 INFO  time: code lens generation in 5.4s
2022.02.10 18:19:50 INFO  time: code lens generation in 7.76s
2022.02.10 18:19:50 INFO  time: code lens generation in 7.76s
2022.02.10 18:19:50 INFO  time: code lens generation in 6.94s
2022.02.10 18:19:50 INFO  time: code lens generation in 6.94s
2022.02.10 18:19:59 INFO  time: indexed workspace in 15s
2022.02.10 18:20:00 INFO  compiling spark-tutorial (10 scala sources)
2022.02.10 18:20:22 WARN  there was one deprecation warning (since 2.11.0); re-run with -deprecation for details
2022.02.10 18:20:22 INFO  time: compiled spark-tutorial in 22s
2022.02.10 18:22:00 INFO  shutting down Metals
2022.02.10 18:22:00 INFO  Shut down connection with build server.
2022.02.10 18:22:00 INFO  Shut down connection with build server.
2022.02.10 18:22:00 INFO  Shut down connection with build server.
2022.02.10 18:22:38 INFO  tracing is disabled for protocol LSP, to enable tracing of incoming and outgoing JSON messages create an empty file at /Users/Johann/Documents/GitHub/spark-tutorial/.metals/lsp.trace.json or /Users/Johann/Library/Caches/org.scalameta.metals/lsp.trace.json
2022.02.10 18:22:39 INFO  logging to file /Users/Johann/Documents/GitHub/spark-tutorial/.metals/metals.log
2022.02.10 18:22:39 INFO  Started: Metals version 0.11.1 in workspace '/Users/Johann/Documents/GitHub/spark-tutorial' for client Visual Studio Code 1.64.1.
2022.02.10 18:22:39 INFO  Parse release: 11.0.1
2022.02.10 18:22:42 INFO  time: initialize in 3.18s
2022.02.10 18:22:43 INFO  Attempting to connect to the build server...
2022.02.10 18:22:43 INFO  skipping build import with status 'Installed'
2022.02.10 18:22:43 INFO  tracing is disabled for protocol BSP, to enable tracing of incoming and outgoing JSON messages create an empty file at /Users/Johann/Documents/GitHub/spark-tutorial/.metals/bsp.trace.json or /Users/Johann/Library/Caches/org.scalameta.metals/bsp.trace.json
2022.02.10 18:22:43 INFO  Attempting to connect to the build server...
2022.02.10 18:22:43 INFO  Attempting to connect to the build server...
2022.02.10 18:22:43 INFO  tracing is disabled for protocol BSP, to enable tracing of incoming and outgoing JSON messages create an empty file at /Users/Johann/Documents/GitHub/spark-tutorial/project/project/.metals/bsp.trace.json or /Users/Johann/Library/Caches/org.scalameta.metals/bsp.trace.json
2022.02.10 18:22:43 INFO  tracing is disabled for protocol BSP, to enable tracing of incoming and outgoing JSON messages create an empty file at /Users/Johann/Documents/GitHub/spark-tutorial/project/.metals/bsp.trace.json or /Users/Johann/Library/Caches/org.scalameta.metals/bsp.trace.json
2022.02.10 18:22:43 INFO  time: Connected to build server in 0.45s
2022.02.10 18:22:43 INFO  Connected to Build server: Bloop v1.4.12
Feb. 10, 2022 6:22:51 NACHM. org.eclipse.lsp4j.jsonrpc.RemoteEndpoint handleCancellation
WARNING: Unmatched cancel notification for request id 7
2022.02.10 18:22:53 INFO  time: indexed workspace in 10s
2022.02.10 18:23:53 INFO  compiling spark-tutorial (1 scala source)
2022.02.10 18:23:56 INFO  time: compiled spark-tutorial in 2.79s
2022.02.10 18:23:57 INFO  compiling spark-tutorial (1 scala source)
2022.02.10 18:23:58 WARN  Could not load snapshot text for /Users/Johann/Documents/GitHub/spark-tutorial/src/main/scala/de/hpi/getting_started/ScalaIntroduction.scala
2022.02.10 18:23:58 WARN  Could not load snapshot text for /Users/Johann/Documents/GitHub/spark-tutorial/src/main/scala/de/hpi/getting_started/ScalaIntroduction.scala
2022.02.10 18:23:59 INFO  time: compiled spark-tutorial in 1.92s
2022.02.10 18:23:59 INFO  compiling spark-tutorial (1 scala source)
2022.02.10 18:24:02 INFO  time: compiled spark-tutorial in 1.87s
2022.02.10 18:24:02 INFO  compiling spark-tutorial (1 scala source)
2022.02.10 18:24:03 INFO  time: compiled spark-tutorial in 0.7s
2022.02.10 18:24:05 INFO  compiling spark-tutorial (1 scala source)
2022.02.10 18:24:07 INFO  time: compiled spark-tutorial in 2.04s
2022.02.10 18:24:26 INFO  tracing is disabled for protocol dap-server, to enable tracing of incoming and outgoing JSON messages create an empty file at /Users/Johann/Documents/GitHub/spark-tutorial/.metals/dap-server.trace.json or /Users/Johann/Library/Caches/org.scalameta.metals/dap-server.trace.json
2022.02.10 18:24:27 INFO  tracing is disabled for protocol dap-client, to enable tracing of incoming and outgoing JSON messages create an empty file at /Users/Johann/Documents/GitHub/spark-tutorial/.metals/dap-client.trace.json or /Users/Johann/Library/Caches/org.scalameta.metals/dap-client.trace.json
2022.02.10 18:24:27 INFO  Starting debug proxy for [de.hpi.getting_started.ScalaIntroduction]
2022.02.10 18:24:34 INFO  Trying to attach to remote debuggee VM localhost:53427 .
2022.02.10 18:24:34 INFO  Attaching to debuggee VM succeeded.
2022.02.10 18:24:35 INFO  Canceling debug proxy for [de.hpi.getting_started.ScalaIntroduction]
2022.02.10 18:24:35 INFO  Closing debug server tcp://0.0.0.0:53418
2022.02.10 18:24:53 WARN  Could not load snapshot text for /Users/Johann/Documents/GitHub/spark-tutorial/src/main/scala/de/hpi/getting_started/ScalaIntroduction.scala
2022.02.10 18:24:53 WARN  Could not load snapshot text for /Users/Johann/Documents/GitHub/spark-tutorial/src/main/scala/de/hpi/getting_started/ScalaIntroduction.scala
2022.02.10 18:24:53 WARN  Could not load snapshot text for /Users/Johann/Documents/GitHub/spark-tutorial/src/main/scala/de/hpi/getting_started/ScalaIntroduction.scala
2022.02.10 18:28:25 WARN  Could not load snapshot text for /Users/Johann/Documents/GitHub/spark-tutorial/src/main/scala/de/hpi/getting_started/ScalaIntroduction.scala
2022.02.10 18:28:25 WARN  Could not load snapshot text for /Users/Johann/Documents/GitHub/spark-tutorial/src/main/scala/de/hpi/getting_started/ScalaIntroduction.scala
2022.02.10 18:28:53 WARN  Could not load snapshot text for /Users/Johann/Documents/GitHub/spark-tutorial/src/main/scala/de/hpi/getting_started/ScalaIntroduction.scala
2022.02.10 18:29:01 WARN  Could not load snapshot text for /Users/Johann/Documents/GitHub/spark-tutorial/src/main/scala/de/hpi/getting_started/ScalaIntroduction.scala
2022.02.10 18:33:44 WARN  Could not load snapshot text for /Users/Johann/Documents/GitHub/spark-tutorial/src/main/scala/de/hpi/getting_started/ScalaIntroduction.scala
2022.02.10 18:42:49 WARN  Could not load snapshot text for /Users/Johann/Documents/GitHub/spark-tutorial/src/main/scala/de/hpi/getting_started/ScalaIntroduction.scala
2022.02.10 18:42:49 WARN  Could not load snapshot text for /Users/Johann/Documents/GitHub/spark-tutorial/src/main/scala/de/hpi/getting_started/ScalaIntroduction.scala
2022.02.10 18:44:15 WARN  Could not load snapshot text for /Users/Johann/Documents/GitHub/spark-tutorial/src/main/scala/de/hpi/getting_started/ScalaIntroduction.scala
2022.02.10 18:44:16 WARN  Could not load snapshot text for /Users/Johann/Documents/GitHub/spark-tutorial/src/main/scala/de/hpi/getting_started/ScalaIntroduction.scala
2022.02.10 18:44:16 WARN  Could not load snapshot text for /Users/Johann/Documents/GitHub/spark-tutorial/src/main/scala/de/hpi/getting_started/ScalaIntroduction.scala
2022.02.10 18:44:16 WARN  Could not load snapshot text for /Users/Johann/Documents/GitHub/spark-tutorial/src/main/scala/de/hpi/getting_started/ScalaIntroduction.scala
2022.02.10 18:44:16 WARN  Could not load snapshot text for /Users/Johann/Documents/GitHub/spark-tutorial/src/main/scala/de/hpi/getting_started/ScalaIntroduction.scala
2022.02.10 18:44:17 INFO  compiling spark-tutorial (1 scala source)
2022.02.10 18:44:20 INFO  time: compiled spark-tutorial in 3.12s
2022.02.10 18:44:30 INFO  compiling spark-tutorial (1 scala source)
2022.02.10 18:44:32 INFO  time: compiled spark-tutorial in 1.47s
2022.02.10 18:44:37 INFO  compiling spark-tutorial (1 scala source)
2022.02.10 18:44:38 INFO  time: compiled spark-tutorial in 1.55s
2022.02.10 18:44:46 INFO  compiling spark-tutorial (1 scala source)
2022.02.10 18:44:48 INFO  time: compiled spark-tutorial in 1.53s
2022.02.10 18:47:08 INFO  compiling spark-tutorial (1 scala source)
2022.02.10 18:47:10 INFO  time: compiled spark-tutorial in 2.38s
2022.02.10 18:47:11 INFO  compiling spark-tutorial (1 scala source)
2022.02.10 18:47:12 WARN  Could not load snapshot text for /Users/Johann/Documents/GitHub/spark-tutorial/src/main/scala/de/hpi/getting_started/ScalaIntroduction.scala
2022.02.10 18:47:12 WARN  Could not load snapshot text for /Users/Johann/Documents/GitHub/spark-tutorial/src/main/scala/de/hpi/getting_started/ScalaIntroduction.scala
2022.02.10 18:47:13 INFO  time: compiled spark-tutorial in 1.78s
2022.02.10 18:47:13 INFO  compiling spark-tutorial (1 scala source)
2022.02.10 18:47:14 INFO  time: compiled spark-tutorial in 1.1s
2022.02.10 18:49:34 INFO  compiling spark-tutorial (1 scala source)
2022.02.10 18:49:35 WARN  Could not load snapshot text for /Users/Johann/Documents/GitHub/spark-tutorial/src/main/scala/de/hpi/getting_started/ScalaIntroduction.scala
2022.02.10 18:49:35 WARN  Could not load snapshot text for /Users/Johann/Documents/GitHub/spark-tutorial/src/main/scala/de/hpi/getting_started/ScalaIntroduction.scala
2022.02.10 18:49:36 INFO  time: compiled spark-tutorial in 1.94s
2022.02.10 18:49:38 INFO  compiling spark-tutorial (1 scala source)
2022.02.10 18:49:40 INFO  time: compiled spark-tutorial in 1.93s
2022.02.10 18:49:45 INFO  compiling spark-tutorial (1 scala source)
2022.02.10 18:49:47 INFO  time: compiled spark-tutorial in 1.72s
2022.02.10 18:49:47 INFO  compiling spark-tutorial (1 scala source)
2022.02.10 18:49:47 WARN  Could not load snapshot text for /Users/Johann/Documents/GitHub/spark-tutorial/src/main/scala/de/hpi/getting_started/ScalaIntroduction.scala
2022.02.10 18:49:48 INFO  time: compiled spark-tutorial in 0.92s
2022.02.10 18:50:37 INFO  compiling spark-tutorial (1 scala source)
2022.02.10 18:50:39 INFO  time: compiled spark-tutorial in 1.46s
2022.02.10 18:50:41 INFO  compiling spark-tutorial (1 scala source)
2022.02.10 18:50:43 INFO  time: compiled spark-tutorial in 1.82s
2022.02.10 18:50:46 INFO  compiling spark-tutorial (1 scala source)
2022.02.10 18:50:47 INFO  time: compiled spark-tutorial in 1.65s
2022.02.10 21:38:35 INFO  compiling spark-tutorial (1 scala source)
2022.02.10 21:38:37 INFO  time: compiled spark-tutorial in 1.47s
2022.02.10 21:38:38 WARN  Could not load snapshot text for /Users/Johann/Documents/GitHub/spark-tutorial/src/main/scala/de/hpi/getting_started/ScalaIntroduction.scala
2022.02.10 21:38:38 WARN  Could not load snapshot text for /Users/Johann/Documents/GitHub/spark-tutorial/src/main/scala/de/hpi/getting_started/ScalaIntroduction.scala
2022.02.10 21:38:38 WARN  Could not load snapshot text for /Users/Johann/Documents/GitHub/spark-tutorial/src/main/scala/de/hpi/getting_started/ScalaIntroduction.scala
2022.02.10 21:38:39 WARN  Could not load snapshot text for /Users/Johann/Documents/GitHub/spark-tutorial/src/main/scala/de/hpi/getting_started/ScalaIntroduction.scala
2022.02.10 21:38:39 WARN  Could not load snapshot text for /Users/Johann/Documents/GitHub/spark-tutorial/src/main/scala/de/hpi/getting_started/ScalaIntroduction.scala
2022.02.10 21:38:39 WARN  Could not load snapshot text for /Users/Johann/Documents/GitHub/spark-tutorial/src/main/scala/de/hpi/getting_started/ScalaIntroduction.scala
2022.02.10 21:38:40 WARN  Could not load snapshot text for /Users/Johann/Documents/GitHub/spark-tutorial/src/main/scala/de/hpi/getting_started/ScalaIntroduction.scala
2022.02.10 21:38:39 WARN  Could not load snapshot text for /Users/Johann/Documents/GitHub/spark-tutorial/src/main/scala/de/hpi/getting_started/ScalaIntroduction.scala
2022.02.10 21:38:41 WARN  Could not load snapshot text for /Users/Johann/Documents/GitHub/spark-tutorial/src/main/scala/de/hpi/getting_started/ScalaIntroduction.scala
2022.02.10 21:38:41 WARN  Could not load snapshot text for /Users/Johann/Documents/GitHub/spark-tutorial/src/main/scala/de/hpi/getting_started/ScalaIntroduction.scala
2022.02.10 21:38:41 WARN  Could not load snapshot text for /Users/Johann/Documents/GitHub/spark-tutorial/src/main/scala/de/hpi/getting_started/ScalaIntroduction.scala
2022.02.10 21:38:41 WARN  Could not load snapshot text for /Users/Johann/Documents/GitHub/spark-tutorial/src/main/scala/de/hpi/getting_started/ScalaIntroduction.scala
2022.02.10 21:38:42 INFO  compiling spark-tutorial (1 scala source)
2022.02.10 21:38:44 WARN  Could not load snapshot text for /Users/Johann/Documents/GitHub/spark-tutorial/src/main/scala/de/hpi/getting_started/ScalaIntroduction.scala
2022.02.10 21:38:44 WARN  Could not load snapshot text for /Users/Johann/Documents/GitHub/spark-tutorial/src/main/scala/de/hpi/getting_started/ScalaIntroduction.scala
2022.02.10 21:38:44 INFO  time: compiled spark-tutorial in 1.63s
2022.02.10 21:38:48 INFO  compiling spark-tutorial (1 scala source)
2022.02.10 21:38:49 INFO  time: compiled spark-tutorial in 1.56s
2022.02.10 21:39:24 INFO  compiling spark-tutorial (1 scala source)
2022.02.10 21:39:26 INFO  time: compiled spark-tutorial in 1.27s
2022.02.10 21:39:55 INFO  compiling spark-tutorial (1 scala source)
2022.02.10 21:39:56 INFO  time: compiled spark-tutorial in 1.54s
2022.02.10 21:39:57 INFO  compiling spark-tutorial (1 scala source)
2022.02.10 21:39:59 INFO  time: compiled spark-tutorial in 1.3s
2022.02.10 21:41:32 INFO  Deduplicating compilation of spark-tutorial from bsp client 'Metals 0.11.1' (since 3h 18m 48.984s)
2022.02.10 21:41:32 INFO  tracing is disabled for protocol dap-server, to enable tracing of incoming and outgoing JSON messages create an empty file at /Users/Johann/Documents/GitHub/spark-tutorial/.metals/dap-server.trace.json or /Users/Johann/Library/Caches/org.scalameta.metals/dap-server.trace.json
2022.02.10 21:41:32 INFO  tracing is disabled for protocol dap-client, to enable tracing of incoming and outgoing JSON messages create an empty file at /Users/Johann/Documents/GitHub/spark-tutorial/.metals/dap-client.trace.json or /Users/Johann/Library/Caches/org.scalameta.metals/dap-client.trace.json
2022.02.10 21:41:33 INFO  Starting debug proxy for [de.hpi.getting_started.ScalaIntroduction]
2022.02.10 21:41:37 INFO  Trying to attach to remote debuggee VM localhost:55161 .
2022.02.10 21:41:37 INFO  Attaching to debuggee VM succeeded.
2022.02.10 21:41:38 INFO  Canceling debug proxy for [de.hpi.getting_started.ScalaIntroduction]
2022.02.10 21:41:38 INFO  Closing debug server tcp://0.0.0.0:55155
2022.02.10 21:43:11 INFO  compiling spark-tutorial (1 scala source)
2022.02.10 21:43:13 INFO  time: compiled spark-tutorial in 1.53s
2022.02.10 21:43:13 INFO  compiling spark-tutorial (1 scala source)
2022.02.10 21:43:14 WARN  Could not load snapshot text for /Users/Johann/Documents/GitHub/spark-tutorial/src/main/scala/de/hpi/getting_started/ScalaIntroduction.scala
2022.02.10 21:43:14 WARN  Could not load snapshot text for /Users/Johann/Documents/GitHub/spark-tutorial/src/main/scala/de/hpi/getting_started/ScalaIntroduction.scala
2022.02.10 21:43:14 INFO  time: compiled spark-tutorial in 0.62s
2022.02.10 21:43:17 INFO  compiling spark-tutorial (1 scala source)
2022.02.10 21:43:20 INFO  time: compiled spark-tutorial in 3.36s
2022.02.10 21:43:20 INFO  compiling spark-tutorial (1 scala source)
2022.02.10 21:43:21 INFO  time: compiled spark-tutorial in 0.58s
2022.02.10 21:43:26 INFO  compiling spark-tutorial (1 scala source)
2022.02.10 21:43:27 INFO  time: compiled spark-tutorial in 1.36s
2022.02.10 21:43:27 INFO  compiling spark-tutorial (1 scala source)
2022.02.10 21:43:29 INFO  time: compiled spark-tutorial in 1.3s
2022.02.10 21:44:09 INFO  compiling spark-tutorial (1 scala source)
2022.02.10 21:44:11 INFO  time: compiled spark-tutorial in 1.99s
2022.02.10 21:44:12 INFO  compiling spark-tutorial (1 scala source)
2022.02.10 21:44:14 WARN  Could not load snapshot text for /Users/Johann/Documents/GitHub/spark-tutorial/src/main/scala/de/hpi/getting_started/ScalaIntroduction.scala
2022.02.10 21:44:14 WARN  Could not load snapshot text for /Users/Johann/Documents/GitHub/spark-tutorial/src/main/scala/de/hpi/getting_started/ScalaIntroduction.scala
2022.02.10 21:44:14 INFO  time: compiled spark-tutorial in 1.58s
2022.02.10 21:44:14 INFO  compiling spark-tutorial (1 scala source)
2022.02.10 21:44:15 INFO  time: compiled spark-tutorial in 0.78s
2022.02.10 21:44:17 INFO  compiling spark-tutorial (1 scala source)
2022.02.10 21:44:19 INFO  time: compiled spark-tutorial in 1.7s
2022.02.10 21:44:24 INFO  Deduplicating compilation of spark-tutorial from bsp client 'Metals 0.11.1' (since 3h 21m 40.871s)
2022.02.10 21:44:24 INFO  tracing is disabled for protocol dap-server, to enable tracing of incoming and outgoing JSON messages create an empty file at /Users/Johann/Documents/GitHub/spark-tutorial/.metals/dap-server.trace.json or /Users/Johann/Library/Caches/org.scalameta.metals/dap-server.trace.json
2022.02.10 21:44:24 INFO  tracing is disabled for protocol dap-client, to enable tracing of incoming and outgoing JSON messages create an empty file at /Users/Johann/Documents/GitHub/spark-tutorial/.metals/dap-client.trace.json or /Users/Johann/Library/Caches/org.scalameta.metals/dap-client.trace.json
2022.02.10 21:44:25 INFO  Starting debug proxy for [de.hpi.getting_started.ScalaIntroduction]
2022.02.10 21:44:29 INFO  Trying to attach to remote debuggee VM localhost:55272 .
2022.02.10 21:44:29 INFO  Attaching to debuggee VM succeeded.
2022.02.10 21:44:30 INFO  Canceling debug proxy for [de.hpi.getting_started.ScalaIntroduction]
2022.02.10 21:44:29 INFO  Closing debug server tcp://0.0.0.0:55265
2022.02.10 21:45:58 INFO  shutting down Metals
2022.02.10 21:45:58 INFO  Shut down connection with build server.
2022.02.10 21:45:58 INFO  Shut down connection with build server.
2022.02.10 21:45:58 INFO  Shut down connection with build server.
2022.02.10 21:46:21 INFO  tracing is disabled for protocol LSP, to enable tracing of incoming and outgoing JSON messages create an empty file at /Users/Johann/Documents/GitHub/spark-tutorial/.metals/lsp.trace.json or /Users/Johann/Library/Caches/org.scalameta.metals/lsp.trace.json
2022.02.10 21:46:22 INFO  logging to file /Users/Johann/Documents/GitHub/spark-tutorial/.metals/metals.log
2022.02.10 21:46:22 INFO  Started: Metals version 0.11.1 in workspace '/Users/Johann/Documents/GitHub/spark-tutorial' for client Visual Studio Code 1.64.2.
2022.02.10 21:46:22 INFO  Parse release: 11.0.1
2022.02.10 21:46:25 INFO  time: initialize in 3.14s
2022.02.10 21:46:26 INFO  Attempting to connect to the build server...
2022.02.10 21:46:26 INFO  skipping build import with status 'Installed'
2022.02.10 21:46:26 INFO  tracing is disabled for protocol BSP, to enable tracing of incoming and outgoing JSON messages create an empty file at /Users/Johann/Documents/GitHub/spark-tutorial/.metals/bsp.trace.json or /Users/Johann/Library/Caches/org.scalameta.metals/bsp.trace.json
2022.02.10 21:46:26 INFO  Attempting to connect to the build server...
2022.02.10 21:46:26 INFO  Attempting to connect to the build server...
2022.02.10 21:46:26 INFO  tracing is disabled for protocol BSP, to enable tracing of incoming and outgoing JSON messages create an empty file at /Users/Johann/Documents/GitHub/spark-tutorial/project/project/.metals/bsp.trace.json or /Users/Johann/Library/Caches/org.scalameta.metals/bsp.trace.json
2022.02.10 21:46:26 INFO  tracing is disabled for protocol BSP, to enable tracing of incoming and outgoing JSON messages create an empty file at /Users/Johann/Documents/GitHub/spark-tutorial/project/.metals/bsp.trace.json or /Users/Johann/Library/Caches/org.scalameta.metals/bsp.trace.json
2022.02.10 21:46:26 INFO  time: Connected to build server in 0.42s
2022.02.10 21:46:26 INFO  Connected to Build server: Bloop v1.4.12
2022.02.10 21:46:37 INFO  time: indexed workspace in 10s
Feb. 10, 2022 9:47:04 NACHM. org.eclipse.lsp4j.jsonrpc.services.GenericEndpoint notify
INFO: Unsupported notification method: $/setTrace
Feb. 10, 2022 9:47:45 NACHM. org.eclipse.lsp4j.jsonrpc.services.GenericEndpoint notify
INFO: Unsupported notification method: $/setTrace
Feb. 10, 2022 9:48:02 NACHM. org.eclipse.lsp4j.jsonrpc.services.GenericEndpoint notify
INFO: Unsupported notification method: $/setTrace
2022.02.10 21:51:24 INFO  compiling spark-tutorial (1 scala source)
2022.02.10 21:51:26 INFO  time: compiled spark-tutorial in 2.02s
2022.02.10 21:51:26 INFO  compiling spark-tutorial (1 scala source)
2022.02.10 21:51:27 INFO  time: compiled spark-tutorial in 0.67s
2022.02.10 21:51:31 INFO  compiling spark-tutorial (1 scala source)
2022.02.10 21:51:35 INFO  time: compiled spark-tutorial in 3.32s
2022.02.10 21:51:38 INFO  compiling spark-tutorial (1 scala source)
2022.02.10 21:51:39 INFO  time: compiled spark-tutorial in 1.52s
2022.02.10 21:52:46 INFO  tracing is disabled for protocol dap-server, to enable tracing of incoming and outgoing JSON messages create an empty file at /Users/Johann/Documents/GitHub/spark-tutorial/.metals/dap-server.trace.json or /Users/Johann/Library/Caches/org.scalameta.metals/dap-server.trace.json
2022.02.10 21:52:47 INFO  tracing is disabled for protocol dap-client, to enable tracing of incoming and outgoing JSON messages create an empty file at /Users/Johann/Documents/GitHub/spark-tutorial/.metals/dap-client.trace.json or /Users/Johann/Library/Caches/org.scalameta.metals/dap-client.trace.json
2022.02.10 21:52:47 INFO  Starting debug proxy for [de.hpi.getting_started.ScalaIntroduction]
2022.02.10 21:52:51 INFO  Trying to attach to remote debuggee VM localhost:55537 .
2022.02.10 21:52:51 INFO  Attaching to debuggee VM succeeded.
2022.02.10 21:52:52 INFO  Canceling debug proxy for [de.hpi.getting_started.ScalaIntroduction]
2022.02.10 21:52:52 INFO  Closing debug server tcp://0.0.0.0:55531
Feb. 10, 2022 9:52:52 NACHM. org.eclipse.lsp4j.jsonrpc.json.StreamMessageProducer fireError
SEVERE: java.net.SocketException: Socket closed
org.eclipse.lsp4j.jsonrpc.JsonRpcException: java.net.SocketException: Socket closed
	at org.eclipse.lsp4j.jsonrpc.json.StreamMessageConsumer.consume(StreamMessageConsumer.java:72)
	at scala.meta.internal.metals.debug.SocketEndpoint.consume(SocketEndpoint.scala:22)
	at scala.meta.internal.metals.debug.MessageIdAdapter.consume(MessageIdAdapter.scala:43)
	at scala.meta.internal.metals.debug.ServerAdapter.send(ServerAdapter.scala:30)
	at scala.meta.internal.metals.debug.DebugProxy.$anonfun$handleClientMessage$1(DebugProxy.scala:138)
	at scala.meta.internal.metals.debug.MessageIdAdapter.$anonfun$listen$1(MessageIdAdapter.scala:57)
	at org.eclipse.lsp4j.jsonrpc.json.StreamMessageProducer.handleMessage(StreamMessageProducer.java:194)
	at org.eclipse.lsp4j.jsonrpc.json.StreamMessageProducer.listen(StreamMessageProducer.java:94)
	at scala.meta.internal.metals.debug.SocketEndpoint.listen(SocketEndpoint.scala:26)
	at scala.meta.internal.metals.debug.MessageIdAdapter.listen(MessageIdAdapter.scala:47)
	at scala.meta.internal.metals.debug.DebugProxy.$anonfun$listenToClient$1(DebugProxy.scala:63)
	at scala.runtime.java8.JFunction0$mcV$sp.apply(JFunction0$mcV$sp.java:23)
	at scala.concurrent.Future$.$anonfun$apply$1(Future.scala:659)
	at scala.util.Success.$anonfun$map$1(Try.scala:255)
	at scala.util.Success.map(Try.scala:213)
	at scala.concurrent.Future.$anonfun$map$1(Future.scala:292)
	at scala.concurrent.impl.Promise.liftedTree1$1(Promise.scala:33)
	at scala.concurrent.impl.Promise.$anonfun$transform$1(Promise.scala:33)
	at scala.concurrent.impl.CallbackRunnable.run(Promise.scala:64)
	at java.base/java.util.concurrent.ThreadPoolExecutor.runWorker(ThreadPoolExecutor.java:1128)
	at java.base/java.util.concurrent.ThreadPoolExecutor$Worker.run(ThreadPoolExecutor.java:628)
	at java.base/java.lang.Thread.run(Thread.java:834)
Caused by: java.net.SocketException: Socket closed
	at java.base/java.net.SocketOutputStream.socketWrite(SocketOutputStream.java:113)
	at java.base/java.net.SocketOutputStream.write(SocketOutputStream.java:150)
	at java.base/java.io.BufferedOutputStream.flushBuffer(BufferedOutputStream.java:81)
	at java.base/java.io.BufferedOutputStream.flush(BufferedOutputStream.java:142)
	at org.eclipse.lsp4j.jsonrpc.json.StreamMessageConsumer.consume(StreamMessageConsumer.java:69)
	... 21 more

2022.02.10 21:53:32 INFO  compiling spark-tutorial (1 scala source)
2022.02.10 21:53:33 INFO  time: compiled spark-tutorial in 1.84s
2022.02.10 21:53:36 INFO  compiling spark-tutorial (1 scala source)
2022.02.10 21:53:39 INFO  time: compiled spark-tutorial in 2.73s
2022.02.10 21:56:37 INFO  compiling spark-tutorial (1 scala source)
2022.02.10 21:56:38 INFO  time: compiled spark-tutorial in 1.86s
2022.02.10 21:56:39 WARN  Could not load snapshot text for /Users/Johann/Documents/GitHub/spark-tutorial/src/main/scala/de/hpi/getting_started/ScalaIntroduction.scala
2022.02.10 21:56:39 WARN  Could not load snapshot text for /Users/Johann/Documents/GitHub/spark-tutorial/src/main/scala/de/hpi/getting_started/ScalaIntroduction.scala
2022.02.10 21:56:40 WARN  Could not load snapshot text for /Users/Johann/Documents/GitHub/spark-tutorial/src/main/scala/de/hpi/getting_started/ScalaIntroduction.scala
2022.02.10 21:56:40 WARN  Could not load snapshot text for /Users/Johann/Documents/GitHub/spark-tutorial/src/main/scala/de/hpi/getting_started/ScalaIntroduction.scala
2022.02.10 21:56:41 INFO  compiling spark-tutorial (1 scala source)
2022.02.10 21:56:43 INFO  time: compiled spark-tutorial in 1.9s
2022.02.10 21:56:48 INFO  compiling spark-tutorial (1 scala source)
2022.02.10 21:56:50 INFO  time: compiled spark-tutorial in 1.83s
2022.02.10 21:56:51 WARN  Could not load snapshot text for /Users/Johann/Documents/GitHub/spark-tutorial/src/main/scala/de/hpi/getting_started/ScalaIntroduction.scala
2022.02.10 21:56:51 WARN  Could not load snapshot text for /Users/Johann/Documents/GitHub/spark-tutorial/src/main/scala/de/hpi/getting_started/ScalaIntroduction.scala
2022.02.10 21:56:51 INFO  compiling spark-tutorial (1 scala source)
2022.02.10 21:56:53 INFO  time: compiled spark-tutorial in 1.35s
2022.02.10 21:59:31 INFO  compiling spark-tutorial (1 scala source)
2022.02.10 21:59:33 INFO  time: compiled spark-tutorial in 2.41s
2022.02.10 21:59:40 WARN  Could not load snapshot text for /Users/Johann/Documents/GitHub/spark-tutorial/src/main/scala/de/hpi/getting_started/ScalaIntroduction.scala
2022.02.10 21:59:40 WARN  Could not load snapshot text for /Users/Johann/Documents/GitHub/spark-tutorial/src/main/scala/de/hpi/getting_started/ScalaIntroduction.scala
2022.02.10 21:59:41 INFO  compiling spark-tutorial (1 scala source)
2022.02.10 21:59:42 WARN  Could not load snapshot text for /Users/Johann/Documents/GitHub/spark-tutorial/src/main/scala/de/hpi/getting_started/ScalaIntroduction.scala
2022.02.10 21:59:42 WARN  Could not load snapshot text for /Users/Johann/Documents/GitHub/spark-tutorial/src/main/scala/de/hpi/getting_started/ScalaIntroduction.scala
2022.02.10 21:59:43 INFO  time: compiled spark-tutorial in 1.65s
2022.02.10 21:59:45 INFO  compiling spark-tutorial (1 scala source)
2022.02.10 21:59:46 INFO  time: compiled spark-tutorial in 1.79s
2022.02.10 21:59:52 INFO  compiling spark-tutorial (1 scala source)
2022.02.10 21:59:52 INFO  time: compiled spark-tutorial in 0.27s
2022.02.10 21:59:54 INFO  compiling spark-tutorial (1 scala source)
2022.02.10 21:59:55 INFO  time: compiled spark-tutorial in 1.63s
2022.02.10 21:59:59 INFO  compiling spark-tutorial (1 scala source)
2022.02.10 22:00:01 INFO  time: compiled spark-tutorial in 1.91s
2022.02.10 22:00:05 INFO  compiling spark-tutorial (1 scala source)
2022.02.10 22:00:05 WARN  Could not load snapshot text for /Users/Johann/Documents/GitHub/spark-tutorial/src/main/scala/de/hpi/getting_started/ScalaIntroduction.scala
2022.02.10 22:00:05 WARN  Could not load snapshot text for /Users/Johann/Documents/GitHub/spark-tutorial/src/main/scala/de/hpi/getting_started/ScalaIntroduction.scala
2022.02.10 22:00:06 INFO  time: compiled spark-tutorial in 1.63s
2022.02.10 22:01:39 INFO  compiling spark-tutorial (1 scala source)
2022.02.10 22:01:39 INFO  time: compiled spark-tutorial in 0.22s
2022.02.10 22:01:44 INFO  compiling spark-tutorial (1 scala source)
2022.02.10 22:01:44 INFO  time: compiled spark-tutorial in 0.25s
2022.02.10 22:01:48 INFO  compiling spark-tutorial (1 scala source)
2022.02.10 22:01:48 INFO  time: compiled spark-tutorial in 0.25s
2022.02.10 22:01:49 INFO  compiling spark-tutorial (1 scala source)
2022.02.10 22:01:49 INFO  time: compiled spark-tutorial in 0.24s
2022.02.10 22:01:53 INFO  compiling spark-tutorial (1 scala source)
2022.02.10 22:01:53 INFO  time: compiled spark-tutorial in 0.22s
2022.02.10 22:01:56 INFO  compiling spark-tutorial (1 scala source)
2022.02.10 22:01:57 INFO  time: compiled spark-tutorial in 1.45s
2022.02.10 22:02:34 INFO  compiling spark-tutorial (1 scala source)
2022.02.10 22:02:34 INFO  time: compiled spark-tutorial in 0.13s
2022.02.10 22:02:36 INFO  compiling spark-tutorial (1 scala source)
2022.02.10 22:02:36 INFO  time: compiled spark-tutorial in 0.11s
2022.02.10 22:02:37 INFO  compiling spark-tutorial (1 scala source)
2022.02.10 22:02:39 INFO  time: compiled spark-tutorial in 1.49s
2022.02.10 22:02:45 INFO  compiling spark-tutorial (1 scala source)
2022.02.10 22:02:47 INFO  time: compiled spark-tutorial in 1.33s
2022.02.10 22:02:50 INFO  compiling spark-tutorial (1 scala source)
2022.02.10 22:02:52 INFO  time: compiled spark-tutorial in 1.65s
2022.02.10 22:03:00 INFO  compiling spark-tutorial (1 scala source)
2022.02.10 22:03:02 INFO  time: compiled spark-tutorial in 1.37s
2022.02.10 22:03:06 INFO  compiling spark-tutorial (1 scala source)
2022.02.10 22:03:06 INFO  time: compiled spark-tutorial in 0.13s
2022.02.10 22:03:12 INFO  compiling spark-tutorial (1 scala source)
2022.02.10 22:03:14 INFO  time: compiled spark-tutorial in 2.27s
2022.02.10 22:03:16 INFO  Deduplicating compilation of spark-tutorial from bsp client 'Metals 0.11.1' (since 16m 49.667s)
2022.02.10 22:03:16 INFO  tracing is disabled for protocol dap-server, to enable tracing of incoming and outgoing JSON messages create an empty file at /Users/Johann/Documents/GitHub/spark-tutorial/.metals/dap-server.trace.json or /Users/Johann/Library/Caches/org.scalameta.metals/dap-server.trace.json
2022.02.10 22:03:16 INFO  tracing is disabled for protocol dap-client, to enable tracing of incoming and outgoing JSON messages create an empty file at /Users/Johann/Documents/GitHub/spark-tutorial/.metals/dap-client.trace.json or /Users/Johann/Library/Caches/org.scalameta.metals/dap-client.trace.json
2022.02.10 22:03:17 INFO  Starting debug proxy for [de.hpi.getting_started.ScalaIntroduction]
2022.02.10 22:03:21 INFO  Trying to attach to remote debuggee VM localhost:55822 .
2022.02.10 22:03:21 INFO  Attaching to debuggee VM succeeded.
2022.02.10 22:03:23 INFO  Canceling debug proxy for [de.hpi.getting_started.ScalaIntroduction]
2022.02.10 22:03:23 INFO  Closing debug server tcp://0.0.0.0:55815
2022.02.10 22:03:51 INFO  compiling spark-tutorial (1 scala source)
2022.02.10 22:03:51 INFO  time: compiled spark-tutorial in 0.14s
2022.02.10 22:03:53 INFO  compiling spark-tutorial (1 scala source)
2022.02.10 22:03:55 INFO  time: compiled spark-tutorial in 1.62s
2022.02.10 22:04:00 INFO  compiling spark-tutorial (1 scala source)
2022.02.10 22:04:02 INFO  time: compiled spark-tutorial in 1.57s
2022.02.10 22:04:08 INFO  compiling spark-tutorial (1 scala source)
2022.02.10 22:04:10 INFO  time: compiled spark-tutorial in 1.86s
2022.02.10 22:04:14 INFO  compiling spark-tutorial (1 scala source)
2022.02.10 22:04:15 WARN  Could not load snapshot text for /Users/Johann/Documents/GitHub/spark-tutorial/src/main/scala/de/hpi/getting_started/ScalaIntroduction.scala
2022.02.10 22:04:15 WARN  Could not load snapshot text for /Users/Johann/Documents/GitHub/spark-tutorial/src/main/scala/de/hpi/getting_started/ScalaIntroduction.scala
2022.02.10 22:04:16 INFO  time: compiled spark-tutorial in 1.82s
2022.02.10 22:04:18 INFO  compiling spark-tutorial (1 scala source)
2022.02.10 22:04:20 INFO  time: compiled spark-tutorial in 1.66s
2022.02.10 22:04:21 INFO  compiling spark-tutorial (1 scala source)
2022.02.10 22:04:23 INFO  time: compiled spark-tutorial in 1.62s
2022.02.10 22:05:15 INFO  Deduplicating compilation of spark-tutorial from bsp client 'Metals 0.11.1' (since 18m 49.103s)
2022.02.10 22:05:15 INFO  tracing is disabled for protocol dap-server, to enable tracing of incoming and outgoing JSON messages create an empty file at /Users/Johann/Documents/GitHub/spark-tutorial/.metals/dap-server.trace.json or /Users/Johann/Library/Caches/org.scalameta.metals/dap-server.trace.json
2022.02.10 22:05:15 INFO  tracing is disabled for protocol dap-client, to enable tracing of incoming and outgoing JSON messages create an empty file at /Users/Johann/Documents/GitHub/spark-tutorial/.metals/dap-client.trace.json or /Users/Johann/Library/Caches/org.scalameta.metals/dap-client.trace.json
2022.02.10 22:05:16 INFO  Starting debug proxy for [de.hpi.getting_started.ScalaIntroduction]
2022.02.10 22:05:20 INFO  Trying to attach to remote debuggee VM localhost:55927 .
2022.02.10 22:05:20 INFO  Attaching to debuggee VM succeeded.
2022.02.10 22:05:21 INFO  Canceling debug proxy for [de.hpi.getting_started.ScalaIntroduction]
2022.02.10 22:05:21 INFO  Closing debug server tcp://0.0.0.0:55921
2022.02.10 22:06:14 INFO  compiling spark-tutorial (1 scala source)
2022.02.10 22:06:16 INFO  time: compiled spark-tutorial in 2.1s
2022.02.10 22:06:21 INFO  compiling spark-tutorial (1 scala source)
2022.02.10 22:06:21 INFO  time: compiled spark-tutorial in 0.22s
2022.02.10 22:06:25 INFO  compiling spark-tutorial (1 scala source)
2022.02.10 22:06:27 INFO  time: compiled spark-tutorial in 1.67s
2022.02.10 22:06:28 INFO  compiling spark-tutorial (1 scala source)
2022.02.10 22:06:30 INFO  time: compiled spark-tutorial in 1.41s
2022.02.10 22:06:38 INFO  compiling spark-tutorial (1 scala source)
2022.02.10 22:06:39 INFO  time: compiled spark-tutorial in 1.58s
2022.02.10 22:06:46 INFO  Deduplicating compilation of spark-tutorial from bsp client 'Metals 0.11.1' (since 20m 19.793s)
2022.02.10 22:06:46 INFO  tracing is disabled for protocol dap-server, to enable tracing of incoming and outgoing JSON messages create an empty file at /Users/Johann/Documents/GitHub/spark-tutorial/.metals/dap-server.trace.json or /Users/Johann/Library/Caches/org.scalameta.metals/dap-server.trace.json
2022.02.10 22:06:47 INFO  tracing is disabled for protocol dap-client, to enable tracing of incoming and outgoing JSON messages create an empty file at /Users/Johann/Documents/GitHub/spark-tutorial/.metals/dap-client.trace.json or /Users/Johann/Library/Caches/org.scalameta.metals/dap-client.trace.json
2022.02.10 22:06:47 INFO  Starting debug proxy for [de.hpi.getting_started.ScalaIntroduction]
2022.02.10 22:06:51 INFO  Trying to attach to remote debuggee VM localhost:55985 .
2022.02.10 22:06:51 INFO  Attaching to debuggee VM succeeded.
2022.02.10 22:06:52 INFO  Canceling debug proxy for [de.hpi.getting_started.ScalaIntroduction]
2022.02.10 22:06:51 INFO  Closing debug server tcp://0.0.0.0:55977
2022.02.10 22:06:58 WARN  Could not load snapshot text for /Users/Johann/Documents/GitHub/spark-tutorial/src/main/scala/de/hpi/getting_started/ScalaIntroduction.scala
2022.02.10 22:06:58 WARN  Could not load snapshot text for /Users/Johann/Documents/GitHub/spark-tutorial/src/main/scala/de/hpi/getting_started/ScalaIntroduction.scala
2022.02.10 22:08:16 WARN  Could not load snapshot text for /Users/Johann/Documents/GitHub/spark-tutorial/src/main/scala/de/hpi/getting_started/ScalaIntroduction.scala
2022.02.10 22:08:16 WARN  Could not load snapshot text for /Users/Johann/Documents/GitHub/spark-tutorial/src/main/scala/de/hpi/getting_started/ScalaIntroduction.scala
2022.02.10 22:10:21 WARN  Could not load snapshot text for /Users/Johann/Documents/GitHub/spark-tutorial/src/main/scala/de/hpi/getting_started/ScalaIntroduction.scala
2022.02.10 22:10:21 WARN  Could not load snapshot text for /Users/Johann/Documents/GitHub/spark-tutorial/src/main/scala/de/hpi/getting_started/ScalaIntroduction.scala
2022.02.10 22:11:47 WARN  Could not load snapshot text for /Users/Johann/Documents/GitHub/spark-tutorial/src/main/scala/de/hpi/getting_started/ScalaIntroduction.scala
2022.02.10 22:11:47 WARN  Could not load snapshot text for /Users/Johann/Documents/GitHub/spark-tutorial/src/main/scala/de/hpi/getting_started/ScalaIntroduction.scala
2022.02.10 22:11:48 INFO  compiling spark-tutorial (1 scala source)
2022.02.10 22:11:49 WARN  Could not load snapshot text for /Users/Johann/Documents/GitHub/spark-tutorial/src/main/scala/de/hpi/getting_started/ScalaIntroduction.scala
2022.02.10 22:11:49 WARN  Could not load snapshot text for /Users/Johann/Documents/GitHub/spark-tutorial/src/main/scala/de/hpi/getting_started/ScalaIntroduction.scala
2022.02.10 22:11:50 WARN  Could not load snapshot text for /Users/Johann/Documents/GitHub/spark-tutorial/src/main/scala/de/hpi/getting_started/ScalaIntroduction.scala
2022.02.10 22:11:50 WARN  Could not load snapshot text for /Users/Johann/Documents/GitHub/spark-tutorial/src/main/scala/de/hpi/getting_started/ScalaIntroduction.scala
2022.02.10 22:11:50 INFO  time: compiled spark-tutorial in 2.27s
2022.02.10 22:11:52 INFO  compiling spark-tutorial (1 scala source)
2022.02.10 22:11:54 INFO  time: compiled spark-tutorial in 2.03s
2022.02.10 22:11:56 WARN  Could not load snapshot text for /Users/Johann/Documents/GitHub/spark-tutorial/src/main/scala/de/hpi/getting_started/ScalaIntroduction.scala
2022.02.10 22:11:57 WARN  Could not load snapshot text for /Users/Johann/Documents/GitHub/spark-tutorial/src/main/scala/de/hpi/getting_started/ScalaIntroduction.scala
2022.02.10 22:11:56 WARN  Could not load snapshot text for /Users/Johann/Documents/GitHub/spark-tutorial/src/main/scala/de/hpi/getting_started/ScalaIntroduction.scala
2022.02.10 22:11:57 WARN  Could not load snapshot text for /Users/Johann/Documents/GitHub/spark-tutorial/src/main/scala/de/hpi/getting_started/ScalaIntroduction.scala
2022.02.10 22:11:57 WARN  Could not load snapshot text for /Users/Johann/Documents/GitHub/spark-tutorial/src/main/scala/de/hpi/getting_started/ScalaIntroduction.scala
2022.02.10 22:11:58 INFO  compiling spark-tutorial (1 scala source)
2022.02.10 22:12:00 INFO  time: compiled spark-tutorial in 2.07s
2022.02.10 22:12:15 INFO  Deduplicating compilation of spark-tutorial from bsp client 'Metals 0.11.1' (since 25m 49.166s)
2022.02.10 22:12:16 INFO  tracing is disabled for protocol dap-server, to enable tracing of incoming and outgoing JSON messages create an empty file at /Users/Johann/Documents/GitHub/spark-tutorial/.metals/dap-server.trace.json or /Users/Johann/Library/Caches/org.scalameta.metals/dap-server.trace.json
2022.02.10 22:12:16 INFO  tracing is disabled for protocol dap-client, to enable tracing of incoming and outgoing JSON messages create an empty file at /Users/Johann/Documents/GitHub/spark-tutorial/.metals/dap-client.trace.json or /Users/Johann/Library/Caches/org.scalameta.metals/dap-client.trace.json
2022.02.10 22:12:16 INFO  Starting debug proxy for [de.hpi.getting_started.ScalaIntroduction]
2022.02.10 22:12:20 INFO  Trying to attach to remote debuggee VM localhost:56144 .
2022.02.10 22:12:20 INFO  Attaching to debuggee VM succeeded.
2022.02.10 22:12:21 INFO  Canceling debug proxy for [de.hpi.getting_started.ScalaIntroduction]
2022.02.10 22:12:20 INFO  Closing debug server tcp://0.0.0.0:56137
2022.02.10 22:12:52 INFO  compiling spark-tutorial (1 scala source)
2022.02.10 22:12:53 INFO  time: compiled spark-tutorial in 1.62s
2022.02.10 22:12:54 WARN  Could not load snapshot text for /Users/Johann/Documents/GitHub/spark-tutorial/src/main/scala/de/hpi/getting_started/ScalaIntroduction.scala
2022.02.10 22:12:54 WARN  Could not load snapshot text for /Users/Johann/Documents/GitHub/spark-tutorial/src/main/scala/de/hpi/getting_started/ScalaIntroduction.scala
2022.02.10 22:12:54 WARN  Could not load snapshot text for /Users/Johann/Documents/GitHub/spark-tutorial/src/main/scala/de/hpi/getting_started/ScalaIntroduction.scala
2022.02.10 22:12:55 WARN  Could not load snapshot text for /Users/Johann/Documents/GitHub/spark-tutorial/src/main/scala/de/hpi/getting_started/ScalaIntroduction.scala
2022.02.10 22:12:55 WARN  Could not load snapshot text for /Users/Johann/Documents/GitHub/spark-tutorial/src/main/scala/de/hpi/getting_started/ScalaIntroduction.scala
2022.02.10 22:12:55 WARN  Could not load snapshot text for /Users/Johann/Documents/GitHub/spark-tutorial/src/main/scala/de/hpi/getting_started/ScalaIntroduction.scala
2022.02.10 22:12:56 WARN  Could not load snapshot text for /Users/Johann/Documents/GitHub/spark-tutorial/src/main/scala/de/hpi/getting_started/ScalaIntroduction.scala
2022.02.10 22:12:55 WARN  Could not load snapshot text for /Users/Johann/Documents/GitHub/spark-tutorial/src/main/scala/de/hpi/getting_started/ScalaIntroduction.scala
2022.02.10 22:12:56 WARN  Could not load snapshot text for /Users/Johann/Documents/GitHub/spark-tutorial/src/main/scala/de/hpi/getting_started/ScalaIntroduction.scala
2022.02.10 22:12:56 WARN  Could not load snapshot text for /Users/Johann/Documents/GitHub/spark-tutorial/src/main/scala/de/hpi/getting_started/ScalaIntroduction.scala
2022.02.10 22:12:56 WARN  Could not load snapshot text for /Users/Johann/Documents/GitHub/spark-tutorial/src/main/scala/de/hpi/getting_started/ScalaIntroduction.scala
2022.02.10 22:12:56 WARN  Could not load snapshot text for /Users/Johann/Documents/GitHub/spark-tutorial/src/main/scala/de/hpi/getting_started/ScalaIntroduction.scala
2022.02.10 22:12:58 INFO  compiling spark-tutorial (1 scala source)
2022.02.10 22:12:59 WARN  Could not load snapshot text for /Users/Johann/Documents/GitHub/spark-tutorial/src/main/scala/de/hpi/getting_started/ScalaIntroduction.scala
2022.02.10 22:12:59 WARN  Could not load snapshot text for /Users/Johann/Documents/GitHub/spark-tutorial/src/main/scala/de/hpi/getting_started/ScalaIntroduction.scala
2022.02.10 22:12:59 INFO  time: compiled spark-tutorial in 1.57s
2022.02.10 22:12:59 INFO  compiling spark-tutorial (1 scala source)
2022.02.10 22:12:59 INFO  time: compiled spark-tutorial in 0.58s
2022.02.10 22:25:09 INFO  Deduplicating compilation of spark-tutorial from bsp client 'Metals 0.11.1' (since 38m 42.382s)
2022.02.10 22:25:09 INFO  tracing is disabled for protocol dap-server, to enable tracing of incoming and outgoing JSON messages create an empty file at /Users/Johann/Documents/GitHub/spark-tutorial/.metals/dap-server.trace.json or /Users/Johann/Library/Caches/org.scalameta.metals/dap-server.trace.json
2022.02.10 22:25:09 INFO  tracing is disabled for protocol dap-client, to enable tracing of incoming and outgoing JSON messages create an empty file at /Users/Johann/Documents/GitHub/spark-tutorial/.metals/dap-client.trace.json or /Users/Johann/Library/Caches/org.scalameta.metals/dap-client.trace.json
2022.02.10 22:25:09 INFO  Starting debug proxy for [de.hpi.getting_started.ScalaIntroduction]
2022.02.10 22:25:14 INFO  Trying to attach to remote debuggee VM localhost:56300 .
2022.02.10 22:25:14 INFO  Attaching to debuggee VM succeeded.
2022.02.10 22:25:15 INFO  Canceling debug proxy for [de.hpi.getting_started.ScalaIntroduction]
2022.02.10 22:25:14 INFO  Closing debug server tcp://0.0.0.0:56293
Feb. 10, 2022 10:25:24 NACHM. org.eclipse.lsp4j.jsonrpc.RemoteEndpoint handleCancellation
WARNING: Unmatched cancel notification for request id 962
2022.02.10 22:25:53 INFO  Deduplicating compilation of spark-tutorial from bsp client 'Metals 0.11.1' (since 39m 26.434s)
2022.02.10 22:25:53 INFO  tracing is disabled for protocol dap-server, to enable tracing of incoming and outgoing JSON messages create an empty file at /Users/Johann/Documents/GitHub/spark-tutorial/.metals/dap-server.trace.json or /Users/Johann/Library/Caches/org.scalameta.metals/dap-server.trace.json
2022.02.10 22:25:53 INFO  tracing is disabled for protocol dap-client, to enable tracing of incoming and outgoing JSON messages create an empty file at /Users/Johann/Documents/GitHub/spark-tutorial/.metals/dap-client.trace.json or /Users/Johann/Library/Caches/org.scalameta.metals/dap-client.trace.json
2022.02.10 22:25:53 INFO  Starting debug proxy for [de.hpi.getting_started.SparkIntroduction]
2022.02.10 22:25:56 INFO  Trying to attach to remote debuggee VM localhost:56322 .
2022.02.10 22:25:56 INFO  Attaching to debuggee VM succeeded.
2022.02.10 22:25:57 ERROR Using Spark's default log4j profile: org/apache/spark/log4j-defaults.properties
2022.02.10 22:25:57 ERROR WARNING: An illegal reflective access operation has occurred
2022.02.10 22:25:57 ERROR WARNING: Illegal reflective access by org.apache.spark.unsafe.Platform (file:/Users/Johann/Library/Caches/Coursier/v1/https/repo1.maven.org/maven2/org/apache/spark/spark-unsafe_2.12/3.0.0/spark-unsafe_2.12-3.0.0.jar) to constructor java.nio.DirectByteBuffer(long,int)
2022.02.10 22:25:57 ERROR WARNING: Please consider reporting this to the maintainers of org.apache.spark.unsafe.Platform
2022.02.10 22:25:57 ERROR WARNING: Use --illegal-access=warn to enable warnings of further illegal reflective access operations
2022.02.10 22:25:57 ERROR WARNING: All illegal access operations will be denied in a future release
2022.02.10 22:26:12 INFO  Canceling debug proxy for [de.hpi.getting_started.SparkIntroduction]
2022.02.10 22:26:12 INFO  Closing debug server tcp://0.0.0.0:56316
2022.02.11 10:01:15 INFO  Deduplicating compilation of spark-tutorial from bsp client 'Metals 0.11.1' (since 12h 14m 48.524s)
2022.02.11 10:01:15 INFO  tracing is disabled for protocol dap-server, to enable tracing of incoming and outgoing JSON messages create an empty file at /Users/Johann/Documents/GitHub/spark-tutorial/.metals/dap-server.trace.json or /Users/Johann/Library/Caches/org.scalameta.metals/dap-server.trace.json
2022.02.11 10:01:16 INFO  tracing is disabled for protocol dap-client, to enable tracing of incoming and outgoing JSON messages create an empty file at /Users/Johann/Documents/GitHub/spark-tutorial/.metals/dap-client.trace.json or /Users/Johann/Library/Caches/org.scalameta.metals/dap-client.trace.json
2022.02.11 10:01:16 INFO  Starting debug proxy for [de.hpi.getting_started.SparkIntroduction]
2022.02.11 10:01:23 INFO  Trying to attach to remote debuggee VM localhost:61585 .
2022.02.11 10:01:23 INFO  Attaching to debuggee VM succeeded.
2022.02.11 10:01:23 INFO  Deduplicating compilation of spark-tutorial from bsp client 'Metals 0.11.1' (since 12h 14m 58.117s)
2022.02.11 10:01:25 INFO  tracing is disabled for protocol dap-server, to enable tracing of incoming and outgoing JSON messages create an empty file at /Users/Johann/Documents/GitHub/spark-tutorial/.metals/dap-server.trace.json or /Users/Johann/Library/Caches/org.scalameta.metals/dap-server.trace.json
2022.02.11 10:01:25 INFO  tracing is disabled for protocol dap-client, to enable tracing of incoming and outgoing JSON messages create an empty file at /Users/Johann/Documents/GitHub/spark-tutorial/.metals/dap-client.trace.json or /Users/Johann/Library/Caches/org.scalameta.metals/dap-client.trace.json
2022.02.11 10:01:25 INFO  Starting debug proxy for [de.hpi.getting_started.SparkIntroduction]
2022.02.11 10:01:28 ERROR Using Spark's default log4j profile: org/apache/spark/log4j-defaults.properties
2022.02.11 10:01:28 ERROR WARNING: An illegal reflective access operation has occurred
2022.02.11 10:01:28 ERROR WARNING: Illegal reflective access by org.apache.spark.unsafe.Platform (file:/Users/Johann/Library/Caches/Coursier/v1/https/repo1.maven.org/maven2/org/apache/spark/spark-unsafe_2.12/3.0.0/spark-unsafe_2.12-3.0.0.jar) to constructor java.nio.DirectByteBuffer(long,int)
2022.02.11 10:01:28 ERROR WARNING: Please consider reporting this to the maintainers of org.apache.spark.unsafe.Platform
2022.02.11 10:01:28 ERROR WARNING: Use --illegal-access=warn to enable warnings of further illegal reflective access operations
2022.02.11 10:01:28 ERROR WARNING: All illegal access operations will be denied in a future release
2022.02.11 10:01:35 INFO  Trying to attach to remote debuggee VM localhost:61602 .
2022.02.11 10:01:35 INFO  Attaching to debuggee VM succeeded.
2022.02.11 10:01:38 ERROR Using Spark's default log4j profile: org/apache/spark/log4j-defaults.properties
2022.02.11 10:01:38 ERROR WARNING: An illegal reflective access operation has occurred
2022.02.11 10:01:38 ERROR WARNING: Illegal reflective access by org.apache.spark.unsafe.Platform (file:/Users/Johann/Library/Caches/Coursier/v1/https/repo1.maven.org/maven2/org/apache/spark/spark-unsafe_2.12/3.0.0/spark-unsafe_2.12-3.0.0.jar) to constructor java.nio.DirectByteBuffer(long,int)
2022.02.11 10:01:38 ERROR WARNING: Please consider reporting this to the maintainers of org.apache.spark.unsafe.Platform
2022.02.11 10:01:38 ERROR WARNING: Use --illegal-access=warn to enable warnings of further illegal reflective access operations
2022.02.11 10:01:38 ERROR WARNING: All illegal access operations will be denied in a future release
2022.02.11 10:01:54 INFO  Canceling debug proxy for [de.hpi.getting_started.SparkIntroduction]
2022.02.11 10:01:54 INFO  Closing debug server tcp://0.0.0.0:61576
2022.02.11 10:01:54 ERROR Read data from io exception: java.net.SocketException: Socket closed
2022.02.11 10:02:03 INFO  Canceling debug proxy for [de.hpi.getting_started.SparkIntroduction]
2022.02.11 10:02:03 INFO  Closing debug server tcp://0.0.0.0:61591
2022.02.11 10:03:18 INFO  compiling spark-tutorial (1 scala source)
2022.02.11 10:03:23 WARN  there was one deprecation warning (since 2.11.0); re-run with -deprecation for details
2022.02.11 10:03:23 INFO  time: compiled spark-tutorial in 5.08s
2022.02.11 10:03:23 WARN  Could not load snapshot text for /Users/Johann/Documents/GitHub/spark-tutorial/src/main/scala/de/hpi/getting_started/SparkIntroduction.scala
2022.02.11 10:03:23 WARN  Could not load snapshot text for /Users/Johann/Documents/GitHub/spark-tutorial/src/main/scala/de/hpi/getting_started/SparkIntroduction.scala
2022.02.11 10:03:24 INFO  compiling spark-tutorial (1 scala source)
2022.02.11 10:03:25 WARN  Could not load snapshot text for /Users/Johann/Documents/GitHub/spark-tutorial/src/main/scala/de/hpi/getting_started/SparkIntroduction.scala
2022.02.11 10:03:25 WARN  Could not load snapshot text for /Users/Johann/Documents/GitHub/spark-tutorial/src/main/scala/de/hpi/getting_started/SparkIntroduction.scala
2022.02.11 10:03:25 WARN  Could not load snapshot text for /Users/Johann/Documents/GitHub/spark-tutorial/src/main/scala/de/hpi/getting_started/SparkIntroduction.scala
2022.02.11 10:03:26 WARN  Could not load snapshot text for /Users/Johann/Documents/GitHub/spark-tutorial/src/main/scala/de/hpi/getting_started/SparkIntroduction.scala
2022.02.11 10:03:27 WARN  Could not load snapshot text for /Users/Johann/Documents/GitHub/spark-tutorial/src/main/scala/de/hpi/getting_started/SparkIntroduction.scala
2022.02.11 10:03:27 WARN  Could not load snapshot text for /Users/Johann/Documents/GitHub/spark-tutorial/src/main/scala/de/hpi/getting_started/SparkIntroduction.scala
2022.02.11 10:03:28 WARN  there was one deprecation warning (since 2.11.0); re-run with -deprecation for details
2022.02.11 10:03:28 INFO  time: compiled spark-tutorial in 3.95s
2022.02.11 10:03:33 INFO  compiling spark-tutorial (1 scala source)
2022.02.11 10:03:36 WARN  there was one deprecation warning (since 2.11.0); re-run with -deprecation for details
2022.02.11 10:03:36 INFO  time: compiled spark-tutorial in 2.96s
2022.02.11 10:03:38 INFO  compiling spark-tutorial (1 scala source)
2022.02.11 10:03:41 WARN  there was one deprecation warning (since 2.11.0); re-run with -deprecation for details
2022.02.11 10:03:41 INFO  time: compiled spark-tutorial in 3.07s
2022.02.11 10:05:08 INFO  Deduplicating compilation of spark-tutorial from bsp client 'Metals 0.11.1' (since 12h 18m 41.628s)
2022.02.11 10:05:08 INFO  tracing is disabled for protocol dap-server, to enable tracing of incoming and outgoing JSON messages create an empty file at /Users/Johann/Documents/GitHub/spark-tutorial/.metals/dap-server.trace.json or /Users/Johann/Library/Caches/org.scalameta.metals/dap-server.trace.json
2022.02.11 10:05:08 INFO  tracing is disabled for protocol dap-client, to enable tracing of incoming and outgoing JSON messages create an empty file at /Users/Johann/Documents/GitHub/spark-tutorial/.metals/dap-client.trace.json or /Users/Johann/Library/Caches/org.scalameta.metals/dap-client.trace.json
2022.02.11 10:05:09 INFO  Starting debug proxy for [de.hpi.getting_started.SparkIntroduction]
2022.02.11 10:05:13 INFO  Trying to attach to remote debuggee VM localhost:61686 .
2022.02.11 10:05:13 INFO  Attaching to debuggee VM succeeded.
2022.02.11 10:05:15 ERROR Using Spark's default log4j profile: org/apache/spark/log4j-defaults.properties
2022.02.11 10:05:15 ERROR WARNING: An illegal reflective access operation has occurred
2022.02.11 10:05:15 ERROR WARNING: Illegal reflective access by org.apache.spark.unsafe.Platform (file:/Users/Johann/Library/Caches/Coursier/v1/https/repo1.maven.org/maven2/org/apache/spark/spark-unsafe_2.12/3.0.0/spark-unsafe_2.12-3.0.0.jar) to constructor java.nio.DirectByteBuffer(long,int)
2022.02.11 10:05:15 ERROR WARNING: Please consider reporting this to the maintainers of org.apache.spark.unsafe.Platform
2022.02.11 10:05:15 ERROR WARNING: Use --illegal-access=warn to enable warnings of further illegal reflective access operations
2022.02.11 10:05:15 ERROR WARNING: All illegal access operations will be denied in a future release
2022.02.11 10:05:35 INFO  Canceling debug proxy for [de.hpi.getting_started.SparkIntroduction]
2022.02.11 10:05:35 INFO  Closing debug server tcp://0.0.0.0:61680
2022.02.11 10:07:02 INFO  compiling spark-tutorial (1 scala source)
2022.02.11 10:07:06 WARN  there was one deprecation warning (since 2.11.0); re-run with -deprecation for details
2022.02.11 10:07:06 INFO  time: compiled spark-tutorial in 3.78s
2022.02.11 10:07:08 WARN  Could not load snapshot text for /Users/Johann/Documents/GitHub/spark-tutorial/src/main/scala/de/hpi/getting_started/SparkIntroduction.scala
2022.02.11 10:07:08 WARN  Could not load snapshot text for /Users/Johann/Documents/GitHub/spark-tutorial/src/main/scala/de/hpi/getting_started/SparkIntroduction.scala
2022.02.11 10:07:08 WARN  Could not load snapshot text for /Users/Johann/Documents/GitHub/spark-tutorial/src/main/scala/de/hpi/getting_started/SparkIntroduction.scala
2022.02.11 10:07:08 WARN  Could not load snapshot text for /Users/Johann/Documents/GitHub/spark-tutorial/src/main/scala/de/hpi/getting_started/SparkIntroduction.scala
2022.02.11 10:07:09 WARN  Could not load snapshot text for /Users/Johann/Documents/GitHub/spark-tutorial/src/main/scala/de/hpi/getting_started/SparkIntroduction.scala
2022.02.11 10:07:09 WARN  Could not load snapshot text for /Users/Johann/Documents/GitHub/spark-tutorial/src/main/scala/de/hpi/getting_started/SparkIntroduction.scala
2022.02.11 10:07:11 WARN  Could not load snapshot text for /Users/Johann/Documents/GitHub/spark-tutorial/src/main/scala/de/hpi/getting_started/SparkIntroduction.scala
2022.02.11 10:07:11 WARN  Could not load snapshot text for /Users/Johann/Documents/GitHub/spark-tutorial/src/main/scala/de/hpi/getting_started/SparkIntroduction.scala
2022.02.11 10:07:12 WARN  Could not load snapshot text for /Users/Johann/Documents/GitHub/spark-tutorial/src/main/scala/de/hpi/getting_started/SparkIntroduction.scala
2022.02.11 10:07:11 WARN  Could not load snapshot text for /Users/Johann/Documents/GitHub/spark-tutorial/src/main/scala/de/hpi/getting_started/SparkIntroduction.scala
2022.02.11 10:07:13 INFO  compiling spark-tutorial (1 scala source)
2022.02.11 10:07:15 WARN  there was one deprecation warning (since 2.11.0); re-run with -deprecation for details
2022.02.11 10:07:15 INFO  time: compiled spark-tutorial in 2.77s
2022.02.11 10:07:23 INFO  compiling spark-tutorial (1 scala source)
2022.02.11 10:07:26 WARN  there was one deprecation warning (since 2.11.0); re-run with -deprecation for details
2022.02.11 10:07:26 INFO  time: compiled spark-tutorial in 3.05s
2022.02.11 10:07:26 INFO  compiling spark-tutorial (1 scala source)
2022.02.11 10:07:28 WARN  there was one deprecation warning (since 2.11.0); re-run with -deprecation for details
2022.02.11 10:07:28 INFO  time: compiled spark-tutorial in 1.83s
2022.02.11 10:07:31 INFO  compiling spark-tutorial (1 scala source)
2022.02.11 10:07:34 WARN  there was one deprecation warning (since 2.11.0); re-run with -deprecation for details
2022.02.11 10:07:34 INFO  time: compiled spark-tutorial in 2.48s
2022.02.11 10:15:36 INFO  compiling spark-tutorial (1 scala source)
2022.02.11 10:15:36 WARN  Could not load snapshot text for /Users/Johann/Documents/GitHub/spark-tutorial/src/main/scala/de/hpi/getting_started/SparkIntroduction.scala
2022.02.11 10:15:36 WARN  Could not load snapshot text for /Users/Johann/Documents/GitHub/spark-tutorial/src/main/scala/de/hpi/getting_started/SparkIntroduction.scala
2022.02.11 10:15:40 WARN  there was one deprecation warning (since 2.11.0); re-run with -deprecation for details
2022.02.11 10:15:40 INFO  time: compiled spark-tutorial in 3.72s
2022.02.11 10:25:43 INFO  compiling spark-tutorial (1 scala source)
2022.02.11 10:25:46 WARN  there was one deprecation warning (since 2.11.0); re-run with -deprecation for details
2022.02.11 10:25:46 INFO  time: compiled spark-tutorial in 3.18s
2022.02.11 10:25:46 INFO  compiling spark-tutorial (1 scala source)
2022.02.11 10:25:47 WARN  Could not load snapshot text for /Users/Johann/Documents/GitHub/spark-tutorial/src/main/scala/de/hpi/getting_started/SparkIntroduction.scala
2022.02.11 10:25:47 WARN  Could not load snapshot text for /Users/Johann/Documents/GitHub/spark-tutorial/src/main/scala/de/hpi/getting_started/SparkIntroduction.scala
2022.02.11 10:25:48 INFO  time: compiled spark-tutorial in 1.08s
2022.02.11 10:25:48 INFO  compiling spark-tutorial (1 scala source)
2022.02.11 10:25:48 INFO  time: compiled spark-tutorial in 0.78s
2022.02.11 10:25:50 WARN  Could not load snapshot text for /Users/Johann/Documents/GitHub/spark-tutorial/src/main/scala/de/hpi/getting_started/SparkIntroduction.scala
2022.02.11 10:25:50 WARN  Could not load snapshot text for /Users/Johann/Documents/GitHub/spark-tutorial/src/main/scala/de/hpi/getting_started/SparkIntroduction.scala
2022.02.11 10:25:50 WARN  Could not load snapshot text for /Users/Johann/Documents/GitHub/spark-tutorial/src/main/scala/de/hpi/getting_started/SparkIntroduction.scala
2022.02.11 10:25:50 WARN  Could not load snapshot text for /Users/Johann/Documents/GitHub/spark-tutorial/src/main/scala/de/hpi/getting_started/SparkIntroduction.scala
2022.02.11 10:25:51 WARN  Could not load snapshot text for /Users/Johann/Documents/GitHub/spark-tutorial/src/main/scala/de/hpi/getting_started/SparkIntroduction.scala
2022.02.11 10:25:51 WARN  Could not load snapshot text for /Users/Johann/Documents/GitHub/spark-tutorial/src/main/scala/de/hpi/getting_started/SparkIntroduction.scala
2022.02.11 10:25:51 WARN  Could not load snapshot text for /Users/Johann/Documents/GitHub/spark-tutorial/src/main/scala/de/hpi/getting_started/SparkIntroduction.scala
2022.02.11 10:25:51 WARN  Could not load snapshot text for /Users/Johann/Documents/GitHub/spark-tutorial/src/main/scala/de/hpi/getting_started/SparkIntroduction.scala
2022.02.11 10:25:52 WARN  Could not load snapshot text for /Users/Johann/Documents/GitHub/spark-tutorial/src/main/scala/de/hpi/getting_started/SparkIntroduction.scala
2022.02.11 10:25:51 WARN  Could not load snapshot text for /Users/Johann/Documents/GitHub/spark-tutorial/src/main/scala/de/hpi/getting_started/SparkIntroduction.scala
2022.02.11 10:25:52 WARN  Could not load snapshot text for /Users/Johann/Documents/GitHub/spark-tutorial/src/main/scala/de/hpi/getting_started/SparkIntroduction.scala
2022.02.11 10:25:52 WARN  Could not load snapshot text for /Users/Johann/Documents/GitHub/spark-tutorial/src/main/scala/de/hpi/getting_started/SparkIntroduction.scala
2022.02.11 10:25:53 WARN  Could not load snapshot text for /Users/Johann/Documents/GitHub/spark-tutorial/src/main/scala/de/hpi/getting_started/SparkIntroduction.scala
2022.02.11 10:25:53 WARN  Could not load snapshot text for /Users/Johann/Documents/GitHub/spark-tutorial/src/main/scala/de/hpi/getting_started/SparkIntroduction.scala
2022.02.11 10:25:53 WARN  Could not load snapshot text for /Users/Johann/Documents/GitHub/spark-tutorial/src/main/scala/de/hpi/getting_started/SparkIntroduction.scala
2022.02.11 10:25:54 WARN  Could not load snapshot text for /Users/Johann/Documents/GitHub/spark-tutorial/src/main/scala/de/hpi/getting_started/SparkIntroduction.scala
2022.02.11 10:25:55 WARN  Could not load snapshot text for /Users/Johann/Documents/GitHub/spark-tutorial/src/main/scala/de/hpi/getting_started/SparkIntroduction.scala
2022.02.11 10:25:54 WARN  Could not load snapshot text for /Users/Johann/Documents/GitHub/spark-tutorial/src/main/scala/de/hpi/getting_started/SparkIntroduction.scala
2022.02.11 10:25:56 INFO  compiling spark-tutorial (1 scala source)
2022.02.11 10:25:56 INFO  time: compiled spark-tutorial in 0.82s
2022.02.11 10:25:59 WARN  Could not load snapshot text for /Users/Johann/Documents/GitHub/spark-tutorial/src/main/scala/de/hpi/getting_started/SparkIntroduction.scala
2022.02.11 10:25:59 WARN  Could not load snapshot text for /Users/Johann/Documents/GitHub/spark-tutorial/src/main/scala/de/hpi/getting_started/SparkIntroduction.scala
2022.02.11 10:26:00 WARN  Could not load snapshot text for /Users/Johann/Documents/GitHub/spark-tutorial/src/main/scala/de/hpi/getting_started/SparkIntroduction.scala
2022.02.11 10:26:01 WARN  Could not load snapshot text for /Users/Johann/Documents/GitHub/spark-tutorial/src/main/scala/de/hpi/getting_started/SparkIntroduction.scala
2022.02.11 10:26:01 WARN  Could not load snapshot text for /Users/Johann/Documents/GitHub/spark-tutorial/src/main/scala/de/hpi/getting_started/SparkIntroduction.scala
2022.02.11 10:26:01 WARN  Could not load snapshot text for /Users/Johann/Documents/GitHub/spark-tutorial/src/main/scala/de/hpi/getting_started/SparkIntroduction.scala
2022.02.11 10:26:01 WARN  Could not load snapshot text for /Users/Johann/Documents/GitHub/spark-tutorial/src/main/scala/de/hpi/getting_started/SparkIntroduction.scala
2022.02.11 10:26:01 WARN  Could not load snapshot text for /Users/Johann/Documents/GitHub/spark-tutorial/src/main/scala/de/hpi/getting_started/SparkIntroduction.scala
2022.02.11 10:26:01 WARN  Could not load snapshot text for /Users/Johann/Documents/GitHub/spark-tutorial/src/main/scala/de/hpi/getting_started/SparkIntroduction.scala
2022.02.11 10:26:02 WARN  Could not load snapshot text for /Users/Johann/Documents/GitHub/spark-tutorial/src/main/scala/de/hpi/getting_started/SparkIntroduction.scala
2022.02.11 10:26:02 INFO  compiling spark-tutorial (1 scala source)
2022.02.11 10:26:02 INFO  time: compiled spark-tutorial in 0.69s
2022.02.11 10:26:03 WARN  Could not load snapshot text for /Users/Johann/Documents/GitHub/spark-tutorial/src/main/scala/de/hpi/getting_started/SparkIntroduction.scala
2022.02.11 10:26:03 WARN  Could not load snapshot text for /Users/Johann/Documents/GitHub/spark-tutorial/src/main/scala/de/hpi/getting_started/SparkIntroduction.scala
2022.02.11 10:26:04 WARN  Could not load snapshot text for /Users/Johann/Documents/GitHub/spark-tutorial/src/main/scala/de/hpi/getting_started/SparkIntroduction.scala
2022.02.11 10:26:03 WARN  Could not load snapshot text for /Users/Johann/Documents/GitHub/spark-tutorial/src/main/scala/de/hpi/getting_started/SparkIntroduction.scala
2022.02.11 10:26:05 INFO  compiling spark-tutorial (1 scala source)
2022.02.11 10:26:06 INFO  time: compiled spark-tutorial in 1.03s
2022.02.11 10:26:07 WARN  Could not load snapshot text for /Users/Johann/Documents/GitHub/spark-tutorial/src/main/scala/de/hpi/getting_started/SparkIntroduction.scala
2022.02.11 10:26:07 WARN  Could not load snapshot text for /Users/Johann/Documents/GitHub/spark-tutorial/src/main/scala/de/hpi/getting_started/SparkIntroduction.scala
2022.02.11 10:26:09 WARN  Could not load snapshot text for /Users/Johann/Documents/GitHub/spark-tutorial/src/main/scala/de/hpi/getting_started/SparkIntroduction.scala
2022.02.11 10:26:09 WARN  Could not load snapshot text for /Users/Johann/Documents/GitHub/spark-tutorial/src/main/scala/de/hpi/getting_started/SparkIntroduction.scala
2022.02.11 10:26:09 WARN  Could not load snapshot text for /Users/Johann/Documents/GitHub/spark-tutorial/src/main/scala/de/hpi/getting_started/SparkIntroduction.scala
2022.02.11 10:26:09 WARN  Could not load snapshot text for /Users/Johann/Documents/GitHub/spark-tutorial/src/main/scala/de/hpi/getting_started/SparkIntroduction.scala
2022.02.11 10:26:09 WARN  Could not load snapshot text for /Users/Johann/Documents/GitHub/spark-tutorial/src/main/scala/de/hpi/getting_started/SparkIntroduction.scala
2022.02.11 10:26:11 INFO  compiling spark-tutorial (1 scala source)
2022.02.11 10:26:11 INFO  time: compiled spark-tutorial in 0.96s
2022.02.11 10:26:12 WARN  Could not load snapshot text for /Users/Johann/Documents/GitHub/spark-tutorial/src/main/scala/de/hpi/getting_started/SparkIntroduction.scala
2022.02.12 10:58:59 WARN  Could not load snapshot text for /Users/Johann/Documents/GitHub/spark-tutorial/src/main/scala/de/hpi/getting_started/SparkIntroduction.scala
2022.02.12 10:58:59 WARN  Could not load snapshot text for /Users/Johann/Documents/GitHub/spark-tutorial/src/main/scala/de/hpi/getting_started/SparkIntroduction.scala
2022.02.12 10:59:09 WARN  Could not load snapshot text for /Users/Johann/Documents/GitHub/spark-tutorial/src/main/scala/de/hpi/getting_started/SparkIntroduction.scala
2022.02.12 10:59:09 WARN  Could not load snapshot text for /Users/Johann/Documents/GitHub/spark-tutorial/src/main/scala/de/hpi/getting_started/SparkIntroduction.scala
2022.02.12 10:59:09 WARN  Could not load snapshot text for /Users/Johann/Documents/GitHub/spark-tutorial/src/main/scala/de/hpi/getting_started/SparkIntroduction.scala
2022.02.12 10:59:09 WARN  Could not load snapshot text for /Users/Johann/Documents/GitHub/spark-tutorial/src/main/scala/de/hpi/getting_started/SparkIntroduction.scala
2022.02.12 10:59:10 WARN  Could not load snapshot text for /Users/Johann/Documents/GitHub/spark-tutorial/src/main/scala/de/hpi/getting_started/SparkIntroduction.scala
2022.02.12 10:59:09 WARN  Could not load snapshot text for /Users/Johann/Documents/GitHub/spark-tutorial/src/main/scala/de/hpi/getting_started/SparkIntroduction.scala
2022.02.12 10:59:11 WARN  Could not load snapshot text for /Users/Johann/Documents/GitHub/spark-tutorial/src/main/scala/de/hpi/getting_started/SparkIntroduction.scala
2022.02.12 10:59:11 WARN  Could not load snapshot text for /Users/Johann/Documents/GitHub/spark-tutorial/src/main/scala/de/hpi/getting_started/SparkIntroduction.scala
2022.02.12 10:59:12 INFO  compiling spark-tutorial (1 scala source)
2022.02.12 10:59:12 INFO  time: compiled spark-tutorial in 0.73s
2022.02.12 10:59:13 WARN  Could not load snapshot text for /Users/Johann/Documents/GitHub/spark-tutorial/src/main/scala/de/hpi/getting_started/SparkIntroduction.scala
2022.02.12 10:59:13 WARN  Could not load snapshot text for /Users/Johann/Documents/GitHub/spark-tutorial/src/main/scala/de/hpi/getting_started/SparkIntroduction.scala
2022.02.12 10:59:13 WARN  Could not load snapshot text for /Users/Johann/Documents/GitHub/spark-tutorial/src/main/scala/de/hpi/getting_started/SparkIntroduction.scala
2022.02.12 10:59:14 WARN  Could not load snapshot text for /Users/Johann/Documents/GitHub/spark-tutorial/src/main/scala/de/hpi/getting_started/SparkIntroduction.scala
2022.02.12 10:59:14 INFO  compiling spark-tutorial (1 scala source)
2022.02.12 10:59:13 WARN  Could not load snapshot text for /Users/Johann/Documents/GitHub/spark-tutorial/src/main/scala/de/hpi/getting_started/SparkIntroduction.scala
2022.02.12 10:59:14 INFO  time: compiled spark-tutorial in 0.58s
2022.02.12 10:59:16 WARN  Could not load snapshot text for /Users/Johann/Documents/GitHub/spark-tutorial/src/main/scala/de/hpi/getting_started/SparkIntroduction.scala
2022.02.12 10:59:16 WARN  Could not load snapshot text for /Users/Johann/Documents/GitHub/spark-tutorial/src/main/scala/de/hpi/getting_started/SparkIntroduction.scala
2022.02.12 10:59:17 WARN  Could not load snapshot text for /Users/Johann/Documents/GitHub/spark-tutorial/src/main/scala/de/hpi/getting_started/SparkIntroduction.scala
2022.02.12 10:59:17 WARN  Could not load snapshot text for /Users/Johann/Documents/GitHub/spark-tutorial/src/main/scala/de/hpi/getting_started/SparkIntroduction.scala
2022.02.12 10:59:17 WARN  Could not load snapshot text for /Users/Johann/Documents/GitHub/spark-tutorial/src/main/scala/de/hpi/getting_started/SparkIntroduction.scala
2022.02.12 10:59:18 INFO  compiling spark-tutorial (1 scala source)
2022.02.12 10:59:18 WARN  Could not load snapshot text for /Users/Johann/Documents/GitHub/spark-tutorial/src/main/scala/de/hpi/getting_started/SparkIntroduction.scala
2022.02.12 10:59:18 WARN  Could not load snapshot text for /Users/Johann/Documents/GitHub/spark-tutorial/src/main/scala/de/hpi/getting_started/SparkIntroduction.scala
2022.02.12 10:59:18 INFO  time: compiled spark-tutorial in 0.71s
2022.02.12 10:59:19 WARN  Could not load snapshot text for /Users/Johann/Documents/GitHub/spark-tutorial/src/main/scala/de/hpi/getting_started/SparkIntroduction.scala
2022.02.12 10:59:21 WARN  Could not load snapshot text for /Users/Johann/Documents/GitHub/spark-tutorial/src/main/scala/de/hpi/getting_started/SparkIntroduction.scala
2022.02.12 10:59:21 WARN  Could not load snapshot text for /Users/Johann/Documents/GitHub/spark-tutorial/src/main/scala/de/hpi/getting_started/SparkIntroduction.scala
2022.02.12 10:59:22 INFO  compiling spark-tutorial (1 scala source)
2022.02.12 10:59:22 INFO  time: compiled spark-tutorial in 0.5s
2022.02.12 10:59:26 WARN  Could not load snapshot text for /Users/Johann/Documents/GitHub/spark-tutorial/src/main/scala/de/hpi/getting_started/SparkIntroduction.scala
2022.02.12 10:59:27 WARN  Could not load snapshot text for /Users/Johann/Documents/GitHub/spark-tutorial/src/main/scala/de/hpi/getting_started/SparkIntroduction.scala
2022.02.12 10:59:27 WARN  Could not load snapshot text for /Users/Johann/Documents/GitHub/spark-tutorial/src/main/scala/de/hpi/getting_started/SparkIntroduction.scala
2022.02.12 10:59:28 INFO  compiling spark-tutorial (1 scala source)
2022.02.12 10:59:31 WARN  there was one deprecation warning (since 2.11.0); re-run with -deprecation for details
2022.02.12 10:59:31 INFO  time: compiled spark-tutorial in 2.33s
2022.02.12 10:59:36 INFO  compiling spark-tutorial (1 scala source)
2022.02.12 10:59:38 WARN  there was one deprecation warning (since 2.11.0); re-run with -deprecation for details
2022.02.12 10:59:38 INFO  time: compiled spark-tutorial in 1.59s
Feb. 12, 2022 11:02:25 VORM. org.eclipse.lsp4j.jsonrpc.services.GenericEndpoint notify
INFO: Unsupported notification method: $/setTrace
2022.02.12 11:02:41 INFO  compiling spark-tutorial (1 scala source)
2022.02.12 11:02:43 INFO  time: compiled spark-tutorial in 2.44s
